build/app/intermediates/manifest_merge_blame_file/release/manifest-merger-blame-release-report.txt
1<?xml version="1.0" encoding="utf-8"?>
2<manifest xmlns:android="http://schemas.android.com/apk/res/android"
3    package="com.ta.hosepchoice"
4    android:versionCode="27"
5    android:versionName="2.0.5" >
6
7    <uses-sdk
8        android:minSdkVersion="19"
8-->src\main\AndroidManifest.xml
9        android:targetSdkVersion="33" />
9-->src\main\AndroidManifest.xml
10
11    <uses-permission android:name="android.permission.INTERNET" />
11-->src\main\AndroidManifest.xml:3:5-66
11-->src\main\AndroidManifest.xml:3:22-64
12    <uses-permission android:name="android.permission.ACCESS_NETWORK_STATE" /> <!-- Android package visibility setting -->
12-->[com.google.android.gms:play-services-ads-lite:19.7.0] AndroidManifest.xml:24:5-79
12-->[com.google.android.gms:play-services-ads-lite:19.7.0] AndroidManifest.xml:24:22-76
13    <queries>
13-->[com.google.android.gms:play-services-ads-lite:19.7.0] AndroidManifest.xml:27:5-43:15
14
15        <!-- For browser content -->
16        <intent>
16-->[com.google.android.gms:play-services-ads-lite:19.7.0] AndroidManifest.xml:30:9-36:18
17            <action android:name="android.intent.action.VIEW" />
17-->[com.google.android.gms:play-services-ads-lite:19.7.0] AndroidManifest.xml:31:13-65
17-->[com.google.android.gms:play-services-ads-lite:19.7.0] AndroidManifest.xml:31:21-62
18
19            <category android:name="android.intent.category.BROWSABLE" />
19-->[com.google.android.gms:play-services-ads-lite:19.7.0] AndroidManifest.xml:33:13-74
19-->[com.google.android.gms:play-services-ads-lite:19.7.0] AndroidManifest.xml:33:23-71
20
21            <data android:scheme="https" />
21-->[com.google.android.gms:play-services-ads-lite:19.7.0] AndroidManifest.xml:35:13-44
21-->[com.google.android.gms:play-services-ads-lite:19.7.0] AndroidManifest.xml:35:19-41
22        </intent>
23        <!-- End of browser content -->
24        <!-- For CustomTabsService -->
25        <intent>
25-->[com.google.android.gms:play-services-ads-lite:19.7.0] AndroidManifest.xml:39:9-41:18
26            <action android:name="android.support.customtabs.action.CustomTabsService" />
26-->[com.google.android.gms:play-services-ads-lite:19.7.0] AndroidManifest.xml:40:13-90
26-->[com.google.android.gms:play-services-ads-lite:19.7.0] AndroidManifest.xml:40:21-87
27        </intent>
28        <!-- End of CustomTabsService -->
29    </queries>
30
31    <uses-permission android:name="android.permission.WAKE_LOCK" />
31-->[androidx.work:work-runtime:2.7.0] AndroidManifest.xml:25:5-68
31-->[androidx.work:work-runtime:2.7.0] AndroidManifest.xml:25:22-65
32    <uses-permission android:name="android.permission.RECEIVE_BOOT_COMPLETED" />
32-->[androidx.work:work-runtime:2.7.0] AndroidManifest.xml:27:5-81
32-->[androidx.work:work-runtime:2.7.0] AndroidManifest.xml:27:22-78
33    <uses-permission android:name="android.permission.FOREGROUND_SERVICE" />
33-->[androidx.work:work-runtime:2.7.0] AndroidManifest.xml:28:5-77
33-->[androidx.work:work-runtime:2.7.0] AndroidManifest.xml:28:22-74
34
35    <application
35-->src\main\AndroidManifest.xml:4:5-41:19
36        android:name="androidx.multidex.MultiDexApplication"
37        android:appComponentFactory="androidx.core.app.CoreComponentFactory"
37-->[androidx.core:core:1.6.0] AndroidManifest.xml:24:18-86
38        android:icon="@mipmap/ic_launcher"
38-->src\main\AndroidManifest.xml:6:9-43
39        android:label="Hos Epchoic" >
39-->src\main\AndroidManifest.xml:5:9-36
40
41        <!-- &lt;!&ndash;TEST ID IMPORTANT !!!&ndash;&gt; -->
42        <meta-data
42-->src\main\AndroidManifest.xml:8:9-10:69
43            android:name="com.google.android.gms.ads.APPLICATION_ID"
43-->src\main\AndroidManifest.xml:9:13-69
44            android:value="ca-app-pub-3940256099942544~9214589741" />
44-->src\main\AndroidManifest.xml:10:13-67
45        <!-- REAL ID IMPORTANT !!! -->
46        <!-- <meta-data -->
47        <!-- android:name="com.google.android.gms.ads.APPLICATION_ID" -->
48        <!-- android:value="ca-app-pub-1418459334888140~4243969869"/> -->
49        <activity
49-->src\main\AndroidManifest.xml:15:9-35:20
50            android:name="com.ta.hosepchoice.MainActivity"
50-->src\main\AndroidManifest.xml:16:13-41
51            android:configChanges="orientation|keyboardHidden|keyboard|screenSize|smallestScreenSize|locale|layoutDirection|fontScale|screenLayout|density|uiMode"
51-->src\main\AndroidManifest.xml:20:13-163
52            android:exported="true"
52-->src\main\AndroidManifest.xml:17:13-36
53            android:hardwareAccelerated="true"
53-->src\main\AndroidManifest.xml:21:13-47
54            android:launchMode="singleTop"
54-->src\main\AndroidManifest.xml:18:13-43
55            android:theme="@style/LaunchTheme"
55-->src\main\AndroidManifest.xml:19:13-47
56            android:windowSoftInputMode="adjustResize" >
56-->src\main\AndroidManifest.xml:22:13-55
57
58            <!--
59                 Specifies an Android theme to apply to this Activity as soon as
60                 the Android process has started. This theme is visible to the user
61                 while the Flutter UI initializes. After that, this theme continues
62                 to determine the Window background behind the Flutter UI.
63            -->
64            <meta-data
64-->src\main\AndroidManifest.xml:27:13-30:17
65                android:name="io.flutter.embedding.android.NormalTheme"
65-->src\main\AndroidManifest.xml:28:15-70
66                android:resource="@style/NormalTheme" />
66-->src\main\AndroidManifest.xml:29:15-52
67
68            <intent-filter>
68-->src\main\AndroidManifest.xml:31:13-34:29
69                <action android:name="android.intent.action.MAIN" />
69-->src\main\AndroidManifest.xml:32:17-68
69-->src\main\AndroidManifest.xml:32:25-66
70
71                <category android:name="android.intent.category.LAUNCHER" />
71-->src\main\AndroidManifest.xml:33:17-76
71-->src\main\AndroidManifest.xml:33:27-74
72            </intent-filter>
73        </activity>
74        <!--
75             Don't delete the meta-data below.
76             This is used by the Flutter tool to generate GeneratedPluginRegistrant.java
77        -->
78        <meta-data
78-->src\main\AndroidManifest.xml:38:9-40:33
79            android:name="flutterEmbedding"
79-->src\main\AndroidManifest.xml:39:13-44
80            android:value="2" />
80-->src\main\AndroidManifest.xml:40:13-30
81
82        <service
82-->[:firebase_database] AndroidManifest.xml:8:9-12:19
83            android:name="com.google.firebase.components.ComponentDiscoveryService"
83-->[:firebase_database] AndroidManifest.xml:8:18-89
84            android:directBootAware="true"
84-->[com.google.firebase:firebase-common:19.5.0] AndroidManifest.xml:35:13-43
85            android:exported="false" >
85-->[com.google.firebase:firebase-storage:19.2.1] AndroidManifest.xml:32:13-37
86            <meta-data
86-->[:firebase_database] AndroidManifest.xml:9:13-11:85
87                android:name="com.google.firebase.components:io.flutter.plugins.firebase.database.FlutterFirebaseAppRegistrar"
87-->[:firebase_database] AndroidManifest.xml:10:17-127
88                android:value="com.google.firebase.components.ComponentRegistrar" />
88-->[:firebase_database] AndroidManifest.xml:11:17-82
89            <meta-data
89-->[:firebase_storage] AndroidManifest.xml:9:13-11:85
90                android:name="com.google.firebase.components:io.flutter.plugins.firebase.storage.FlutterFirebaseAppRegistrar"
90-->[:firebase_storage] AndroidManifest.xml:10:17-126
91                android:value="com.google.firebase.components.ComponentRegistrar" />
91-->[:firebase_storage] AndroidManifest.xml:11:17-82
92            <meta-data
92-->[:firebase_core] AndroidManifest.xml:9:13-11:85
93                android:name="com.google.firebase.components:io.flutter.plugins.firebase.core.FlutterFirebaseCoreRegistrar"
93-->[:firebase_core] AndroidManifest.xml:10:17-124
94                android:value="com.google.firebase.components.ComponentRegistrar" />
94-->[:firebase_core] AndroidManifest.xml:11:17-82
95            <meta-data
95-->[com.google.firebase:firebase-storage:19.2.1] AndroidManifest.xml:33:13-35:85
96                android:name="com.google.firebase.components:com.google.firebase.storage.StorageRegistrar"
96-->[com.google.firebase:firebase-storage:19.2.1] AndroidManifest.xml:34:17-107
97                android:value="com.google.firebase.components.ComponentRegistrar" />
97-->[com.google.firebase:firebase-storage:19.2.1] AndroidManifest.xml:35:17-82
98            <meta-data
98-->[com.google.firebase:firebase-database:19.6.0] AndroidManifest.xml:32:13-34:85
99                android:name="com.google.firebase.components:com.google.firebase.database.DatabaseRegistrar"
99-->[com.google.firebase:firebase-database:19.6.0] AndroidManifest.xml:33:17-109
100                android:value="com.google.firebase.components.ComponentRegistrar" />
100-->[com.google.firebase:firebase-database:19.6.0] AndroidManifest.xml:34:17-82
101            <!--
102                This registrar is not defined in the dynamic-module-support sdk itself to allow non-firebase
103                clients to use it as well, by defining this registrar in their own core/common library.
104            -->
105            <meta-data
105-->[com.google.firebase:firebase-common:19.5.0] AndroidManifest.xml:43:13-45:85
106                android:name="com.google.firebase.components:com.google.firebase.dynamicloading.DynamicLoadingRegistrar"
106-->[com.google.firebase:firebase-common:19.5.0] AndroidManifest.xml:44:17-121
107                android:value="com.google.firebase.components.ComponentRegistrar" />
107-->[com.google.firebase:firebase-common:19.5.0] AndroidManifest.xml:45:17-82
108        </service>
109
110        <meta-data
110-->[:google_mobile_ads] AndroidManifest.xml:10:9-12:36
111            android:name="io.flutter.embedded_views_preview"
111-->[:google_mobile_ads] AndroidManifest.xml:11:13-61
112            android:value="true" />
112-->[:google_mobile_ads] AndroidManifest.xml:12:13-33
113
114        <activity
114-->[:url_launcher] AndroidManifest.xml:8:9-11:74
115            android:name="io.flutter.plugins.urllauncher.WebViewActivity"
115-->[:url_launcher] AndroidManifest.xml:9:13-74
116            android:exported="false"
116-->[:url_launcher] AndroidManifest.xml:10:13-37
117            android:theme="@android:style/Theme.NoTitleBar.Fullscreen" />
117-->[:url_launcher] AndroidManifest.xml:11:13-71
118
119        <provider
119-->[:share] AndroidManifest.xml:8:9-16:20
120            android:name="io.flutter.plugins.share.ShareFileProvider"
120-->[:share] AndroidManifest.xml:9:13-70
121            android:authorities="com.ta.hosepchoice.flutter.share_provider"
121-->[:share] AndroidManifest.xml:10:13-74
122            android:exported="false"
122-->[:share] AndroidManifest.xml:11:13-37
123            android:grantUriPermissions="true" >
123-->[:share] AndroidManifest.xml:12:13-47
124            <meta-data
124-->[:share] AndroidManifest.xml:13:13-15:68
125                android:name="android.support.FILE_PROVIDER_PATHS"
125-->[:share] AndroidManifest.xml:14:17-67
126                android:resource="@xml/flutter_share_file_paths" />
126-->[:share] AndroidManifest.xml:15:17-65
127        </provider> <!-- Include the AdActivity and InAppPurchaseActivity configChanges and themes. -->
128        <activity
128-->[com.google.android.gms:play-services-ads-lite:19.7.0] AndroidManifest.xml:48:9-52:64
129            android:name="com.google.android.gms.ads.AdActivity"
129-->[com.google.android.gms:play-services-ads-lite:19.7.0] AndroidManifest.xml:49:13-65
130            android:configChanges="keyboard|keyboardHidden|orientation|screenLayout|uiMode|screenSize|smallestScreenSize"
130-->[com.google.android.gms:play-services-ads-lite:19.7.0] AndroidManifest.xml:50:13-122
131            android:exported="false"
131-->[com.google.android.gms:play-services-ads-lite:19.7.0] AndroidManifest.xml:51:13-37
132            android:theme="@android:style/Theme.Translucent" />
132-->[com.google.android.gms:play-services-ads-lite:19.7.0] AndroidManifest.xml:52:13-61
133
134        <provider
134-->[com.google.android.gms:play-services-ads-lite:19.7.0] AndroidManifest.xml:54:9-58:39
135            android:name="com.google.android.gms.ads.MobileAdsInitProvider"
135-->[com.google.android.gms:play-services-ads-lite:19.7.0] AndroidManifest.xml:55:13-76
136            android:authorities="com.ta.hosepchoice.mobileadsinitprovider"
136-->[com.google.android.gms:play-services-ads-lite:19.7.0] AndroidManifest.xml:56:13-73
137            android:exported="false"
137-->[com.google.android.gms:play-services-ads-lite:19.7.0] AndroidManifest.xml:57:13-37
138            android:initOrder="100" />
138-->[com.google.android.gms:play-services-ads-lite:19.7.0] AndroidManifest.xml:58:13-36
139
140        <service
140-->[com.google.android.gms:play-services-ads-lite:19.7.0] AndroidManifest.xml:60:9-63:40
141            android:name="com.google.android.gms.ads.AdService"
141-->[com.google.android.gms:play-services-ads-lite:19.7.0] AndroidManifest.xml:61:13-64
142            android:enabled="true"
142-->[com.google.android.gms:play-services-ads-lite:19.7.0] AndroidManifest.xml:62:13-35
143            android:exported="false" />
143-->[com.google.android.gms:play-services-ads-lite:19.7.0] AndroidManifest.xml:63:13-37
144
145        <provider
145-->[androidx.work:work-runtime:2.7.0] AndroidManifest.xml:31:9-39:20
146            android:name="androidx.startup.InitializationProvider"
146-->[androidx.work:work-runtime:2.7.0] AndroidManifest.xml:32:13-67
147            android:authorities="com.ta.hosepchoice.androidx-startup"
147-->[androidx.work:work-runtime:2.7.0] AndroidManifest.xml:33:13-68
148            android:exported="false" >
148-->[androidx.work:work-runtime:2.7.0] AndroidManifest.xml:34:13-37
149            <meta-data
149-->[androidx.work:work-runtime:2.7.0] AndroidManifest.xml:36:13-38:52
150                android:name="androidx.work.WorkManagerInitializer"
150-->[androidx.work:work-runtime:2.7.0] AndroidManifest.xml:37:17-68
151                android:value="androidx.startup" />
151-->[androidx.work:work-runtime:2.7.0] AndroidManifest.xml:38:17-49
152        </provider>
153
154        <service
154-->[androidx.work:work-runtime:2.7.0] AndroidManifest.xml:41:9-46:35
155            android:name="androidx.work.impl.background.systemalarm.SystemAlarmService"
155-->[androidx.work:work-runtime:2.7.0] AndroidManifest.xml:42:13-88
156            android:directBootAware="false"
156-->[androidx.work:work-runtime:2.7.0] AndroidManifest.xml:43:13-44
157            android:enabled="@bool/enable_system_alarm_service_default"
157-->[androidx.work:work-runtime:2.7.0] AndroidManifest.xml:44:13-72
158            android:exported="false" />
158-->[androidx.work:work-runtime:2.7.0] AndroidManifest.xml:45:13-37
159        <service
159-->[androidx.work:work-runtime:2.7.0] AndroidManifest.xml:47:9-53:35
160            android:name="androidx.work.impl.background.systemjob.SystemJobService"
160-->[androidx.work:work-runtime:2.7.0] AndroidManifest.xml:48:13-84
161            android:directBootAware="false"
161-->[androidx.work:work-runtime:2.7.0] AndroidManifest.xml:49:13-44
162            android:enabled="@bool/enable_system_job_service_default"
162-->[androidx.work:work-runtime:2.7.0] AndroidManifest.xml:50:13-70
163            android:exported="true"
163-->[androidx.work:work-runtime:2.7.0] AndroidManifest.xml:51:13-36
164            android:permission="android.permission.BIND_JOB_SERVICE" />
164-->[androidx.work:work-runtime:2.7.0] AndroidManifest.xml:52:13-69
165        <service
165-->[androidx.work:work-runtime:2.7.0] AndroidManifest.xml:54:9-59:35
166            android:name="androidx.work.impl.foreground.SystemForegroundService"
166-->[androidx.work:work-runtime:2.7.0] AndroidManifest.xml:55:13-81
167            android:directBootAware="false"
167-->[androidx.work:work-runtime:2.7.0] AndroidManifest.xml:56:13-44
168            android:enabled="@bool/enable_system_foreground_service_default"
168-->[androidx.work:work-runtime:2.7.0] AndroidManifest.xml:57:13-77
169            android:exported="false" />
169-->[androidx.work:work-runtime:2.7.0] AndroidManifest.xml:58:13-37
170
171        <receiver
171-->[androidx.work:work-runtime:2.7.0] AndroidManifest.xml:61:9-66:35
172            android:name="androidx.work.impl.utils.ForceStopRunnable$BroadcastReceiver"
172-->[androidx.work:work-runtime:2.7.0] AndroidManifest.xml:62:13-88
173            android:directBootAware="false"
173-->[androidx.work:work-runtime:2.7.0] AndroidManifest.xml:63:13-44
174            android:enabled="true"
174-->[androidx.work:work-runtime:2.7.0] AndroidManifest.xml:64:13-35
175            android:exported="false" />
175-->[androidx.work:work-runtime:2.7.0] AndroidManifest.xml:65:13-37
176        <receiver
176-->[androidx.work:work-runtime:2.7.0] AndroidManifest.xml:67:9-77:20
177            android:name="androidx.work.impl.background.systemalarm.ConstraintProxy$BatteryChargingProxy"
177-->[androidx.work:work-runtime:2.7.0] AndroidManifest.xml:68:13-106
178            android:directBootAware="false"
178-->[androidx.work:work-runtime:2.7.0] AndroidManifest.xml:69:13-44
179            android:enabled="false"
179-->[androidx.work:work-runtime:2.7.0] AndroidManifest.xml:70:13-36
180            android:exported="false" >
180-->[androidx.work:work-runtime:2.7.0] AndroidManifest.xml:71:13-37
181            <intent-filter>
181-->[androidx.work:work-runtime:2.7.0] AndroidManifest.xml:73:13-76:29
182                <action android:name="android.intent.action.ACTION_POWER_CONNECTED" />
182-->[androidx.work:work-runtime:2.7.0] AndroidManifest.xml:74:17-87
182-->[androidx.work:work-runtime:2.7.0] AndroidManifest.xml:74:25-84
183                <action android:name="android.intent.action.ACTION_POWER_DISCONNECTED" />
183-->[androidx.work:work-runtime:2.7.0] AndroidManifest.xml:75:17-90
183-->[androidx.work:work-runtime:2.7.0] AndroidManifest.xml:75:25-87
184            </intent-filter>
185        </receiver>
186        <receiver
186-->[androidx.work:work-runtime:2.7.0] AndroidManifest.xml:78:9-88:20
187            android:name="androidx.work.impl.background.systemalarm.ConstraintProxy$BatteryNotLowProxy"
187-->[androidx.work:work-runtime:2.7.0] AndroidManifest.xml:79:13-104
188            android:directBootAware="false"
188-->[androidx.work:work-runtime:2.7.0] AndroidManifest.xml:80:13-44
189            android:enabled="false"
189-->[androidx.work:work-runtime:2.7.0] AndroidManifest.xml:81:13-36
190            android:exported="false" >
190-->[androidx.work:work-runtime:2.7.0] AndroidManifest.xml:82:13-37
191            <intent-filter>
191-->[androidx.work:work-runtime:2.7.0] AndroidManifest.xml:84:13-87:29
192                <action android:name="android.intent.action.BATTERY_OKAY" />
192-->[androidx.work:work-runtime:2.7.0] AndroidManifest.xml:85:17-77
192-->[androidx.work:work-runtime:2.7.0] AndroidManifest.xml:85:25-74
193                <action android:name="android.intent.action.BATTERY_LOW" />
193-->[androidx.work:work-runtime:2.7.0] AndroidManifest.xml:86:17-76
193-->[androidx.work:work-runtime:2.7.0] AndroidManifest.xml:86:25-73
194            </intent-filter>
195        </receiver>
196        <receiver
196-->[androidx.work:work-runtime:2.7.0] AndroidManifest.xml:89:9-99:20
197            android:name="androidx.work.impl.background.systemalarm.ConstraintProxy$StorageNotLowProxy"
197-->[androidx.work:work-runtime:2.7.0] AndroidManifest.xml:90:13-104
198            android:directBootAware="false"
198-->[androidx.work:work-runtime:2.7.0] AndroidManifest.xml:91:13-44
199            android:enabled="false"
199-->[androidx.work:work-runtime:2.7.0] AndroidManifest.xml:92:13-36
200            android:exported="false" >
200-->[androidx.work:work-runtime:2.7.0] AndroidManifest.xml:93:13-37
201            <intent-filter>
201-->[androidx.work:work-runtime:2.7.0] AndroidManifest.xml:95:13-98:29
202                <action android:name="android.intent.action.DEVICE_STORAGE_LOW" />
202-->[androidx.work:work-runtime:2.7.0] AndroidManifest.xml:96:17-83
202-->[androidx.work:work-runtime:2.7.0] AndroidManifest.xml:96:25-80
203                <action android:name="android.intent.action.DEVICE_STORAGE_OK" />
203-->[androidx.work:work-runtime:2.7.0] AndroidManifest.xml:97:17-82
203-->[androidx.work:work-runtime:2.7.0] AndroidManifest.xml:97:25-79
204            </intent-filter>
205        </receiver>
206        <receiver
206-->[androidx.work:work-runtime:2.7.0] AndroidManifest.xml:100:9-109:20
207            android:name="androidx.work.impl.background.systemalarm.ConstraintProxy$NetworkStateProxy"
207-->[androidx.work:work-runtime:2.7.0] AndroidManifest.xml:101:13-103
208            android:directBootAware="false"
208-->[androidx.work:work-runtime:2.7.0] AndroidManifest.xml:102:13-44
209            android:enabled="false"
209-->[androidx.work:work-runtime:2.7.0] AndroidManifest.xml:103:13-36
210            android:exported="false" >
210-->[androidx.work:work-runtime:2.7.0] AndroidManifest.xml:104:13-37
211            <intent-filter>
211-->[androidx.work:work-runtime:2.7.0] AndroidManifest.xml:106:13-108:29
212                <action android:name="android.net.conn.CONNECTIVITY_CHANGE" />
212-->[androidx.work:work-runtime:2.7.0] AndroidManifest.xml:107:17-79
212-->[androidx.work:work-runtime:2.7.0] AndroidManifest.xml:107:25-76
213            </intent-filter>
214        </receiver>
215        <receiver
215-->[androidx.work:work-runtime:2.7.0] AndroidManifest.xml:110:9-121:20
216            android:name="androidx.work.impl.background.systemalarm.RescheduleReceiver"
216-->[androidx.work:work-runtime:2.7.0] AndroidManifest.xml:111:13-88
217            android:directBootAware="false"
217-->[androidx.work:work-runtime:2.7.0] AndroidManifest.xml:112:13-44
218            android:enabled="false"
218-->[androidx.work:work-runtime:2.7.0] AndroidManifest.xml:113:13-36
219            android:exported="false" >
219-->[androidx.work:work-runtime:2.7.0] AndroidManifest.xml:114:13-37
220            <intent-filter>
220-->[androidx.work:work-runtime:2.7.0] AndroidManifest.xml:116:13-120:29
221                <action android:name="android.intent.action.BOOT_COMPLETED" />
221-->[androidx.work:work-runtime:2.7.0] AndroidManifest.xml:117:17-79
221-->[androidx.work:work-runtime:2.7.0] AndroidManifest.xml:117:25-76
222                <action android:name="android.intent.action.TIME_SET" />
222-->[androidx.work:work-runtime:2.7.0] AndroidManifest.xml:118:17-73
222-->[androidx.work:work-runtime:2.7.0] AndroidManifest.xml:118:25-70
223                <action android:name="android.intent.action.TIMEZONE_CHANGED" />
223-->[androidx.work:work-runtime:2.7.0] AndroidManifest.xml:119:17-81
223-->[androidx.work:work-runtime:2.7.0] AndroidManifest.xml:119:25-78
224            </intent-filter>
225        </receiver>
226        <receiver
226-->[androidx.work:work-runtime:2.7.0] AndroidManifest.xml:122:9-131:20
227            android:name="androidx.work.impl.background.systemalarm.ConstraintProxyUpdateReceiver"
227-->[androidx.work:work-runtime:2.7.0] AndroidManifest.xml:123:13-99
228            android:directBootAware="false"
228-->[androidx.work:work-runtime:2.7.0] AndroidManifest.xml:124:13-44
229            android:enabled="@bool/enable_system_alarm_service_default"
229-->[androidx.work:work-runtime:2.7.0] AndroidManifest.xml:125:13-72
230            android:exported="false" >
230-->[androidx.work:work-runtime:2.7.0] AndroidManifest.xml:126:13-37
231            <intent-filter>
231-->[androidx.work:work-runtime:2.7.0] AndroidManifest.xml:128:13-130:29
232                <action android:name="androidx.work.impl.background.systemalarm.UpdateProxies" />
232-->[androidx.work:work-runtime:2.7.0] AndroidManifest.xml:129:17-98
232-->[androidx.work:work-runtime:2.7.0] AndroidManifest.xml:129:25-95
233            </intent-filter>
234        </receiver>
235        <receiver
235-->[androidx.work:work-runtime:2.7.0] AndroidManifest.xml:132:9-142:20
236            android:name="androidx.work.impl.diagnostics.DiagnosticsReceiver"
236-->[androidx.work:work-runtime:2.7.0] AndroidManifest.xml:133:13-78
237            android:directBootAware="false"
237-->[androidx.work:work-runtime:2.7.0] AndroidManifest.xml:134:13-44
238            android:enabled="true"
238-->[androidx.work:work-runtime:2.7.0] AndroidManifest.xml:135:13-35
239            android:exported="true"
239-->[androidx.work:work-runtime:2.7.0] AndroidManifest.xml:136:13-36
240            android:permission="android.permission.DUMP" >
240-->[androidx.work:work-runtime:2.7.0] AndroidManifest.xml:137:13-57
241            <intent-filter>
241-->[androidx.work:work-runtime:2.7.0] AndroidManifest.xml:139:13-141:29
242                <action android:name="androidx.work.diagnostics.REQUEST_DIAGNOSTICS" />
242-->[androidx.work:work-runtime:2.7.0] AndroidManifest.xml:140:17-88
242-->[androidx.work:work-runtime:2.7.0] AndroidManifest.xml:140:25-85
243            </intent-filter>
244        </receiver>
245
246        <provider
246-->[com.google.firebase:firebase-common:19.5.0] AndroidManifest.xml:26:9-31:39
247            android:name="com.google.firebase.provider.FirebaseInitProvider"
247-->[com.google.firebase:firebase-common:19.5.0] AndroidManifest.xml:27:13-77
248            android:authorities="com.ta.hosepchoice.firebaseinitprovider"
248-->[com.google.firebase:firebase-common:19.5.0] AndroidManifest.xml:28:13-72
249            android:directBootAware="true"
249-->[com.google.firebase:firebase-common:19.5.0] AndroidManifest.xml:29:13-43
250            android:exported="false"
250-->[com.google.firebase:firebase-common:19.5.0] AndroidManifest.xml:30:13-37
251            android:initOrder="100" />
251-->[com.google.firebase:firebase-common:19.5.0] AndroidManifest.xml:31:13-36
252
253        <activity
253-->[com.google.android.gms:play-services-base:17.0.0] AndroidManifest.xml:23:9-26:75
254            android:name="com.google.android.gms.common.api.GoogleApiActivity"
254-->[com.google.android.gms:play-services-base:17.0.0] AndroidManifest.xml:24:13-79
255            android:exported="false"
255-->[com.google.android.gms:play-services-base:17.0.0] AndroidManifest.xml:25:13-37
256            android:theme="@android:style/Theme.Translucent.NoTitleBar" />
256-->[com.google.android.gms:play-services-base:17.0.0] AndroidManifest.xml:26:13-72
257
258        <meta-data
258-->[com.google.android.gms:play-services-basement:17.3.0] AndroidManifest.xml:23:9-25:69
259            android:name="com.google.android.gms.version"
259-->[com.google.android.gms:play-services-basement:17.3.0] AndroidManifest.xml:24:13-58
260            android:value="@integer/google_play_services_version" />
260-->[com.google.android.gms:play-services-basement:17.3.0] AndroidManifest.xml:25:13-66
261
262        <service
262-->[androidx.room:room-runtime:2.2.5] AndroidManifest.xml:25:9-28:40
263            android:name="androidx.room.MultiInstanceInvalidationService"
263-->[androidx.room:room-runtime:2.2.5] AndroidManifest.xml:26:13-74
264            android:directBootAware="true"
264-->[androidx.room:room-runtime:2.2.5] AndroidManifest.xml:27:13-43
265            android:exported="false" /> <!-- The activities will be merged into the manifest of the hosting app. -->
265-->[androidx.room:room-runtime:2.2.5] AndroidManifest.xml:28:13-37
266        <activity
266-->[com.google.android.play:core:1.8.2] AndroidManifest.xml:12:5-271
267            android:name="com.google.android.play.core.missingsplits.PlayCoreMissingSplitsActivity"
267-->[com.google.android.play:core:1.8.2] AndroidManifest.xml:12:15-102
268            android:enabled="false"
268-->[com.google.android.play:core:1.8.2] AndroidManifest.xml:12:103-126
269            android:exported="false"
269-->[com.google.android.play:core:1.8.2] AndroidManifest.xml:12:127-151
270            android:launchMode="singleInstance"
270-->[com.google.android.play:core:1.8.2] AndroidManifest.xml:12:204-239
271            android:process=":playcore_missing_splits_activity"
271-->[com.google.android.play:core:1.8.2] AndroidManifest.xml:12:152-203
272            android:stateNotNeeded="true" />
272-->[com.google.android.play:core:1.8.2] AndroidManifest.xml:12:240-269
273        <activity
273-->[com.google.android.play:core:1.8.2] AndroidManifest.xml:13:5-226
274            android:name="com.google.android.play.core.common.PlayCoreDialogWrapperActivity"
274-->[com.google.android.play:core:1.8.2] AndroidManifest.xml:13:15-95
275            android:enabled="false"
275-->[com.google.android.play:core:1.8.2] AndroidManifest.xml:13:96-119
276            android:exported="false"
276-->[com.google.android.play:core:1.8.2] AndroidManifest.xml:13:120-144
277            android:stateNotNeeded="true"
277-->[com.google.android.play:core:1.8.2] AndroidManifest.xml:13:145-174
278            android:theme="@style/Theme.PlayCore.Transparent" /> <!-- The service will be merged into the manifest of the hosting app. -->
278-->[com.google.android.play:core:1.8.2] AndroidManifest.xml:13:175-224
279        <service
279-->[com.google.android.play:core:1.8.2] AndroidManifest.xml:16:5-145
280            android:name="com.google.android.play.core.assetpacks.AssetPackExtractionService"
280-->[com.google.android.play:core:1.8.2] AndroidManifest.xml:16:14-95
281            android:enabled="false"
281-->[com.google.android.play:core:1.8.2] AndroidManifest.xml:16:96-119
282            android:exported="true" />
282-->[com.google.android.play:core:1.8.2] AndroidManifest.xml:16:120-143
283    </application>
284
285</manifest>